<?xml version="1.0" encoding="UTF-8"?>
<coverage generated="1664601495180" clover="3.2.0">
  <project timestamp="1664601495181" name="All files">
    <metrics statements="53" coveredstatements="52" conditionals="16" coveredconditionals="13" methods="13" coveredmethods="13" elements="82" coveredelements="78" complexity="0" loc="53" ncloc="53" packages="1" files="2" classes="2"/>
    <file name="isMutant.ts" path="D:\gabyz\Documents\GitHub\challenge-nodejs\src\lib\isMutant.ts">
      <metrics statements="42" coveredstatements="41" conditionals="16" coveredconditionals="13" methods="6" coveredmethods="6"/>
      <line num="1" count="1" type="stmt"/>
      <line num="3" count="1" type="stmt"/>
      <line num="5" count="1" type="stmt"/>
      <line num="7" count="1" type="stmt"/>
      <line num="8" count="2" type="cond" truecount="1" falsecount="0"/>
      <line num="9" count="1" type="cond" truecount="0" falsecount="1"/>
      <line num="10" count="1" type="cond" truecount="0" falsecount="1"/>
      <line num="12" count="1" type="stmt"/>
      <line num="13" count="1" type="stmt"/>
      <line num="14" count="5" type="stmt"/>
      <line num="15" count="5" type="stmt"/>
      <line num="16" count="5" type="stmt"/>
      <line num="18" count="5" type="stmt"/>
      <line num="20" count="25" type="stmt"/>
      <line num="21" count="25" type="stmt"/>
      <line num="22" count="25" type="cond" truecount="1" falsecount="0"/>
      <line num="24" count="4" type="stmt"/>
      <line num="26" count="4" type="cond" truecount="0" falsecount="1"/>
      <line num="29" count="0" type="stmt"/>
      <line num="32" count="1" type="stmt"/>
      <line num="33" count="61" type="cond" truecount="6" falsecount="0"/>
      <line num="36" count="1" type="stmt"/>
      <line num="37" count="5" type="stmt"/>
      <line num="40" count="1" type="stmt"/>
      <line num="41" count="4" type="stmt"/>
      <line num="44" count="1" type="stmt"/>
      <line num="45" count="25" type="stmt"/>
      <line num="46" count="25" type="stmt"/>
      <line num="47" count="25" type="stmt"/>
      <line num="50" count="25" type="cond" truecount="2" falsecount="0"/>
      <line num="51" count="76" type="stmt"/>
      <line num="54" count="25" type="stmt"/>
      <line num="55" count="25" type="stmt"/>
      <line num="56" count="25" type="stmt"/>
      <line num="57" count="63" type="stmt"/>
      <line num="58" count="63" type="cond" truecount="1" falsecount="0"/>
      <line num="59" count="45" type="stmt"/>
      <line num="63" count="25" type="stmt"/>
      <line num="64" count="25" type="stmt"/>
      <line num="66" count="25" type="stmt"/>
      <line num="69" count="1" type="stmt"/>
      <line num="71" count="1" type="stmt"/>
    </file>
    <file name="matrixValidations.ts" path="D:\gabyz\Documents\GitHub\challenge-nodejs\src\lib\matrixValidations.ts">
      <metrics statements="11" coveredstatements="11" conditionals="0" coveredconditionals="0" methods="7" coveredmethods="7"/>
      <line num="1" count="1" type="stmt"/>
      <line num="3" count="1" type="stmt"/>
      <line num="4" count="16" type="stmt"/>
      <line num="7" count="1" type="stmt"/>
      <line num="8" count="2" type="stmt"/>
      <line num="11" count="1" type="stmt"/>
      <line num="12" count="10" type="stmt"/>
      <line num="15" count="1" type="stmt"/>
      <line num="16" count="1" type="stmt"/>
      <line num="19" count="1" type="stmt"/>
      <line num="21" count="1" type="stmt"/>
    </file>
  </project>
</coverage>
