{"D:\\gabyz\\Documents\\GitHub\\challenge-nodejs\\src\\lib\\isMutant.ts": {"path":"D:\\gabyz\\Documents\\GitHub\\challenge-nodejs\\src\\lib\\isMutant.ts","statementMap":{"0":{"start":{"line":1,"column":0},"end":{"line":1,"column":61}},"1":{"start":{"line":3,"column":0},"end":{"line":3,"column":null}},"2":{"start":{"line":5,"column":4},"end":{"line":5,"column":51}},"3":{"start":{"line":7,"column":11},"end":{"line":30,"column":null}},"4":{"start":{"line":8,"column":8},"end":{"line":8,"column":58}},"5":{"start":{"line":8,"column":45},"end":{"line":8,"column":58}},"6":{"start":{"line":9,"column":8},"end":{"line":9,"column":75}},"7":{"start":{"line":9,"column":62},"end":{"line":9,"column":75}},"8":{"start":{"line":10,"column":8},"end":{"line":10,"column":60}},"9":{"start":{"line":10,"column":47},"end":{"line":10,"column":60}},"10":{"start":{"line":12,"column":20},"end":{"line":12,"column":21}},"11":{"start":{"line":13,"column":8},"end":{"line":28,"column":null}},"12":{"start":{"line":13,"column":20},"end":{"line":13,"column":21}},"13":{"start":{"line":14,"column":22},"end":{"line":14,"column":28}},"14":{"start":{"line":15,"column":33},"end":{"line":15,"column":35}},"15":{"start":{"line":16,"column":12},"end":{"line":16,"column":47}},"16":{"start":{"line":18,"column":12},"end":{"line":23,"column":null}},"17":{"start":{"line":18,"column":24},"end":{"line":18,"column":25}},"18":{"start":{"line":20,"column":16},"end":{"line":20,"column":44}},"19":{"start":{"line":21,"column":16},"end":{"line":21,"column":55}},"20":{"start":{"line":22,"column":16},"end":{"line":22,"column":42}},"21":{"start":{"line":22,"column":30},"end":{"line":22,"column":42}},"22":{"start":{"line":24,"column":12},"end":{"line":24,"column":56}},"23":{"start":{"line":26,"column":12},"end":{"line":26,"column":38}},"24":{"start":{"line":26,"column":26},"end":{"line":26,"column":38}},"25":{"start":{"line":29,"column":8},"end":{"line":29,"column":21}},"26":{"start":{"line":32,"column":11},"end":{"line":34,"column":null}},"27":{"start":{"line":33,"column":8},"end":{"line":33,"column":62}},"28":{"start":{"line":36,"column":11},"end":{"line":38,"column":null}},"29":{"start":{"line":37,"column":8},"end":{"line":37,"column":38}},"30":{"start":{"line":40,"column":11},"end":{"line":42,"column":null}},"31":{"start":{"line":41,"column":8},"end":{"line":41,"column":38}},"32":{"start":{"line":44,"column":11},"end":{"line":67,"column":null}},"33":{"start":{"line":45,"column":20},"end":{"line":45,"column":21}},"34":{"start":{"line":46,"column":29},"end":{"line":46,"column":31}},"35":{"start":{"line":47,"column":30},"end":{"line":47,"column":32}},"36":{"start":{"line":50,"column":8},"end":{"line":52,"column":null}},"37":{"start":{"line":50,"column":20},"end":{"line":50,"column":21}},"38":{"start":{"line":50,"column":27},"end":{"line":50,"column":28}},"39":{"start":{"line":51,"column":12},"end":{"line":51,"column":40}},"40":{"start":{"line":54,"column":23},"end":{"line":54,"column":24}},"41":{"start":{"line":55,"column":23},"end":{"line":55,"column":24}},"42":{"start":{"line":56,"column":8},"end":{"line":61,"column":37}},"43":{"start":{"line":57,"column":12},"end":{"line":57,"column":41}},"44":{"start":{"line":58,"column":12},"end":{"line":58,"column":27}},"45":{"start":{"line":58,"column":21},"end":{"line":58,"column":27}},"46":{"start":{"line":59,"column":12},"end":{"line":59,"column":16}},"47":{"start":{"line":59,"column":17},"end":{"line":59,"column":21}},"48":{"start":{"line":63,"column":8},"end":{"line":63,"column":51}},"49":{"start":{"line":64,"column":8},"end":{"line":64,"column":52}},"50":{"start":{"line":66,"column":8},"end":{"line":66,"column":21}},"51":{"start":{"line":69,"column":0},"end":{"line":69,"column":null}},"52":{"start":{"line":71,"column":13},"end":{"line":71,"column":39}}},"fnMap":{"0":{"name":"(anonymous_0)","decl":{"start":{"line":3,"column":0},"end":{"line":3,"column":null}},"loc":{"start":{"line":3,"column":0},"end":{"line":69,"column":null}}},"1":{"name":"(anonymous_2)","decl":{"start":{"line":7,"column":4},"end":{"line":7,"column":11}},"loc":{"start":{"line":7,"column":33},"end":{"line":30,"column":5}}},"2":{"name":"(anonymous_3)","decl":{"start":{"line":32,"column":4},"end":{"line":32,"column":11}},"loc":{"start":{"line":32,"column":37},"end":{"line":34,"column":5}}},"3":{"name":"(anonymous_4)","decl":{"start":{"line":36,"column":4},"end":{"line":36,"column":11}},"loc":{"start":{"line":36,"column":38},"end":{"line":38,"column":5}}},"4":{"name":"(anonymous_5)","decl":{"start":{"line":40,"column":4},"end":{"line":40,"column":11}},"loc":{"start":{"line":40,"column":36},"end":{"line":42,"column":5}}},"5":{"name":"(anonymous_6)","decl":{"start":{"line":44,"column":4},"end":{"line":44,"column":11}},"loc":{"start":{"line":44,"column":60},"end":{"line":67,"column":5}}}},"branchMap":{"0":{"loc":{"start":{"line":8,"column":8},"end":{"line":8,"column":58}},"type":"if","locations":[{"start":{"line":8,"column":8},"end":{"line":8,"column":58}}]},"1":{"loc":{"start":{"line":9,"column":8},"end":{"line":9,"column":75}},"type":"if","locations":[{"start":{"line":9,"column":8},"end":{"line":9,"column":75}}]},"2":{"loc":{"start":{"line":10,"column":8},"end":{"line":10,"column":60}},"type":"if","locations":[{"start":{"line":10,"column":8},"end":{"line":10,"column":60}}]},"3":{"loc":{"start":{"line":22,"column":16},"end":{"line":22,"column":42}},"type":"if","locations":[{"start":{"line":22,"column":16},"end":{"line":22,"column":42}}]},"4":{"loc":{"start":{"line":26,"column":12},"end":{"line":26,"column":38}},"type":"if","locations":[{"start":{"line":26,"column":12},"end":{"line":26,"column":38}}]},"5":{"loc":{"start":{"line":33,"column":15},"end":{"line":33,"column":61}},"type":"binary-expr","locations":[{"start":{"line":33,"column":15},"end":{"line":33,"column":57}},{"start":{"line":33,"column":60},"end":{"line":33,"column":61}}]},"6":{"loc":{"start":{"line":33,"column":15},"end":{"line":33,"column":57}},"type":"cond-expr","locations":[{"start":{"line":33,"column":49},"end":{"line":33,"column":51}},{"start":{"line":33,"column":49},"end":{"line":33,"column":57}}]},"7":{"loc":{"start":{"line":33,"column":15},"end":{"line":33,"column":51}},"type":"binary-expr","locations":[{"start":{"line":33,"column":15},"end":{"line":33,"column":51}},{"start":{"line":33,"column":49},"end":{"line":33,"column":51}}]},"8":{"loc":{"start":{"line":50,"column":30},"end":{"line":50,"column":62}},"type":"binary-expr","locations":[{"start":{"line":50,"column":30},"end":{"line":50,"column":44}},{"start":{"line":50,"column":48},"end":{"line":50,"column":62}}]},"9":{"loc":{"start":{"line":61,"column":15},"end":{"line":61,"column":35}},"type":"binary-expr","locations":[{"start":{"line":61,"column":15},"end":{"line":61,"column":19}},{"start":{"line":61,"column":23},"end":{"line":61,"column":35}}]},"10":{"loc":{"start":{"line":58,"column":12},"end":{"line":58,"column":27}},"type":"if","locations":[{"start":{"line":58,"column":12},"end":{"line":58,"column":27}}]}},"s":{"0":1,"1":1,"2":1,"3":1,"4":2,"5":1,"6":1,"7":0,"8":1,"9":0,"10":1,"11":1,"12":1,"13":5,"14":5,"15":5,"16":5,"17":5,"18":25,"19":25,"20":25,"21":1,"22":4,"23":4,"24":0,"25":0,"26":1,"27":61,"28":1,"29":5,"30":1,"31":4,"32":1,"33":25,"34":25,"35":25,"36":25,"37":25,"38":25,"39":76,"40":25,"41":25,"42":25,"43":63,"44":63,"45":18,"46":45,"47":45,"48":25,"49":25,"50":25,"51":1,"52":1},"f":{"0":2,"1":2,"2":61,"3":5,"4":4,"5":25},"b":{"0":[1],"1":[0],"2":[0],"3":[1],"4":[0],"5":[61,58],"6":[58,3],"7":[61,3],"8":[101,90],"9":[45,38],"10":[18]}}
,"D:\\gabyz\\Documents\\GitHub\\challenge-nodejs\\src\\lib\\matrixValidations.ts": {"path":"D:\\gabyz\\Documents\\GitHub\\challenge-nodejs\\src\\lib\\matrixValidations.ts","statementMap":{"0":{"start":{"line":1,"column":0},"end":{"line":1,"column":null}},"1":{"start":{"line":3,"column":11},"end":{"line":5,"column":null}},"2":{"start":{"line":4,"column":8},"end":{"line":4,"column":64}},"3":{"start":{"line":4,"column":36},"end":{"line":4,"column":63}},"4":{"start":{"line":7,"column":11},"end":{"line":9,"column":null}},"5":{"start":{"line":8,"column":8},"end":{"line":8,"column":33}},"6":{"start":{"line":11,"column":11},"end":{"line":13,"column":null}},"7":{"start":{"line":12,"column":8},"end":{"line":12,"column":60}},"8":{"start":{"line":12,"column":36},"end":{"line":12,"column":59}},"9":{"start":{"line":15,"column":11},"end":{"line":17,"column":null}},"10":{"start":{"line":16,"column":8},"end":{"line":16,"column":30}},"11":{"start":{"line":19,"column":0},"end":{"line":19,"column":null}},"12":{"start":{"line":21,"column":13},"end":{"line":21,"column":57}}},"fnMap":{"0":{"name":"(anonymous_0)","decl":{"start":{"line":1,"column":0},"end":{"line":1,"column":null}},"loc":{"start":{"line":1,"column":0},"end":{"line":19,"column":null}}},"1":{"name":"(anonymous_2)","decl":{"start":{"line":3,"column":4},"end":{"line":3,"column":11}},"loc":{"start":{"line":3,"column":35},"end":{"line":5,"column":5}}},"2":{"name":"(anonymous_3)","decl":{"start":{"line":4,"column":27},"end":{"line":4,"column":28}},"loc":{"start":{"line":4,"column":31},"end":{"line":4,"column":39}}},"3":{"name":"(anonymous_4)","decl":{"start":{"line":7,"column":4},"end":{"line":7,"column":11}},"loc":{"start":{"line":7,"column":52},"end":{"line":9,"column":5}}},"4":{"name":"(anonymous_5)","decl":{"start":{"line":11,"column":4},"end":{"line":11,"column":11}},"loc":{"start":{"line":11,"column":37},"end":{"line":13,"column":5}}},"5":{"name":"(anonymous_6)","decl":{"start":{"line":12,"column":27},"end":{"line":12,"column":28}},"loc":{"start":{"line":12,"column":31},"end":{"line":12,"column":39}}},"6":{"name":"(anonymous_7)","decl":{"start":{"line":15,"column":4},"end":{"line":15,"column":11}},"loc":{"start":{"line":15,"column":40},"end":{"line":17,"column":5}}}},"branchMap":{},"s":{"0":1,"1":1,"2":3,"3":16,"4":1,"5":2,"6":1,"7":3,"8":10,"9":1,"10":1,"11":1,"12":1},"f":{"0":2,"1":3,"2":16,"3":2,"4":3,"5":10,"6":1},"b":{}}
}
