TN:
SF:src\lib\isMutant.ts
FN:3,(anonymous_0)
FN:7,(anonymous_2)
FN:32,(anonymous_3)
FN:36,(anonymous_4)
FN:40,(anonymous_5)
FN:44,(anonymous_6)
FNF:6
FNH:6
FNDA:2,(anonymous_0)
FNDA:2,(anonymous_2)
FNDA:61,(anonymous_3)
FNDA:5,(anonymous_4)
FNDA:4,(anonymous_5)
FNDA:25,(anonymous_6)
DA:1,1
DA:3,1
DA:5,1
DA:7,1
DA:8,2
DA:9,1
DA:10,1
DA:12,1
DA:13,1
DA:14,5
DA:15,5
DA:16,5
DA:18,5
DA:20,25
DA:21,25
DA:22,25
DA:24,4
DA:26,4
DA:29,0
DA:32,1
DA:33,61
DA:36,1
DA:37,5
DA:40,1
DA:41,4
DA:44,1
DA:45,25
DA:46,25
DA:47,25
DA:50,25
DA:51,76
DA:54,25
DA:55,25
DA:56,25
DA:57,63
DA:58,63
DA:59,45
DA:63,25
DA:64,25
DA:66,25
DA:69,1
DA:71,1
LF:42
LH:41
BRDA:8,0,0,1
BRDA:9,1,0,0
BRDA:10,2,0,0
BRDA:22,3,0,1
BRDA:26,4,0,0
BRDA:33,5,0,61
BRDA:33,5,1,58
BRDA:33,6,0,58
BRDA:33,6,1,3
BRDA:33,7,0,61
BRDA:33,7,1,3
BRDA:50,8,0,101
BRDA:50,8,1,90
BRDA:61,9,0,45
BRDA:61,9,1,38
BRDA:58,10,0,18
BRF:16
BRH:13
end_of_record
TN:
SF:src\lib\matrixValidations.ts
FN:1,(anonymous_0)
FN:3,(anonymous_2)
FN:4,(anonymous_3)
FN:7,(anonymous_4)
FN:11,(anonymous_5)
FN:12,(anonymous_6)
FN:15,(anonymous_7)
FNF:7
FNH:7
FNDA:2,(anonymous_0)
FNDA:3,(anonymous_2)
FNDA:16,(anonymous_3)
FNDA:2,(anonymous_4)
FNDA:3,(anonymous_5)
FNDA:10,(anonymous_6)
FNDA:1,(anonymous_7)
DA:1,1
DA:3,1
DA:4,16
DA:7,1
DA:8,2
DA:11,1
DA:12,10
DA:15,1
DA:16,1
DA:19,1
DA:21,1
LF:11
LH:11
BRF:0
BRH:0
end_of_record
